
> @figma/my-make-file@0.0.1 build D:\Pijak in Collaboration with IBM SkillsBuild\Capstone Project
> next build

node.exe : ΓÜá `eslint` 
configuration in 
next.config.mjs is no 
longer supported. See 
more info here: https://
nextjs.org/docs/app/api-
reference/cli/next#next-
lint-options
At C:\Users\haeru\AppDat
a\Roaming\npm\pnpm.ps1:2
4 char:5
+     & "node$exe"  "$ba
sedir/node_modules/pnpm/
bin/pnpm.cjs" $args
+     ~~~~~~~~~~~~~~~~~~
~~~~~~~~~~~~~~~~~~~~~~~~
~~~~~~~~~~~~~~~~~~~
    + CategoryInfo      
        : NotSpecified  
  : (ΓÜá `eslint` co.   
 ..xt-lint-options:S    
tring) [], RemoteEx    
ception
    + FullyQualifiedErr 
   orId : NativeComman  
  dError
 
ΓÜá Invalid 
next.config.mjs options 
detected: 
ΓÜá     Unrecognized 
key(s) in object: 
'eslint'
ΓÜá See more info here: 
https://nextjs.org/docs/
messages/invalid-next-co
nfig
Γû▓ Next.js 16.2.3 (Turbopack)

  Creating an optimized production build ...

> Build error occurred
Error: Turbopack build 
failed with 1 errors:
./src/styles/index.css
Error evaluating 
Node.js code
TypeError: Cannot 
convert undefined or 
null to object
    [at Object.Once 
(D:\Pijak in 
Collaboration with IBM 
SkillsBuild\Capstone Pro
ject\node_modules\.pnpm\
@tailwindcss+postcss@4.0
.0\node_modules\@tailwin
dcss\postcss\dist\index.
js:8:4164)]
    at async 
LazyResult.runAsync (nod
e_modules/.pnpm/postcss@
8.4.38/node_modules/post
css/lib/lazy-result.js:2
61:11) [D:\Pijak in 
Collaboration with IBM 
SkillsBuild\Capstone Pro
ject\.next\build\chunks\
node_modules__pnpm_0~6xi
z4._.js:6058:21]
    at async transform (
turbopack:///[turbopack-
node]/transforms/postcss
.ts:70:34) [D:\Pijak in 
Collaboration with IBM 
SkillsBuild\Capstone Pro
ject\.next\build\chunks\
[root-of-the-server]__0d
-m0h0._.js:146:36]
    at async run (turbop
ack:///[turbopack-node]/
child_process/evaluate.t
s:89:23) [D:\Pijak in 
Collaboration with IBM 
SkillsBuild\Capstone Pro
ject\.next\build\chunks\
[root-of-the-server]__0u
bbtyl._.js:443:31]

Import trace:
  Client Component 
Browser:
    
./src/styles/index.css 
[Client Component 
Browser]
    
./src/app/layout.tsx 
[Server Component]


    at async transform (
turbopack:///[turbopack-
node]/transforms/postcss
.ts:70:34) [D:\Pijak in 
Collaboration with IBM 
SkillsBuild\Capstone Pro
ject\.next\build\chunks\
[root-of-the-server]__0d
-m0h0._.js:146:36])
    at async run (turbop
ack:///[turbopack-node]/
child_process/evaluate.t
s:89:23) [D:\Pijak in 
Collaboration with IBM 
SkillsBuild\Capstone Pro
ject\.next\build\chunks\
[root-of-the-server]__0u
bbtyl._.js:443:31])
ΓÇëELIFECYCLEΓÇë Command failed with exit code 1.
